[2026-04-15 13:09:43,387] INFO counterfactual.server: Starting Counterfactual UI backend
[2026-04-15 13:09:43,388] INFO counterfactual.server: Repo root: C:\Users\Louth\Desktop\counterfactual\attribution-counterfactual-ui
[2026-04-15 13:09:43,388] INFO counterfactual.server: Open this URL in your browser: http://127.0.0.1:5000/
[2026-04-15 13:09:43,390] INFO counterfactual.server: Available models: mlp, xgboost
[2026-04-15 13:09:43,391] INFO counterfactual.server: Available XAI methods: shap
[2026-04-15 13:09:43,392] INFO counterfactual.server: Configured datasets: diabetes, german_credit
[2026-04-15 13:09:43,393] INFO counterfactual.server: Runtime config for diabetes: excluded=[] feature_selection_enabled=False top_n=None
[2026-04-15 13:09:43,393] INFO counterfactual.server: Friendly labels for diabetes: {'pregnancies': 'Pregnancies', 'glucose': 'Glucose', 'blood_pressure': 'Blood Pressure', 'skin_thickness': 'Skin Thickness', 'insulin': 'Insulin', 'bmi': 'BMI', 'diabetes_pedigree_function': 'Diabetes Pedigree Function', 'age': 'Age'}
[2026-04-15 13:09:43,405] INFO counterfactual.server: Dataset preflight ok: dataset=diabetes feature_count=8 available_instances=116 prediction_labels=['No Diabetes', 'Diabetes']
[2026-04-15 13:09:43,405] INFO counterfactual.server: Runtime config for german_credit: excluded=['purpose'] feature_selection_enabled=True top_n=5
[2026-04-15 13:09:43,406] INFO counterfactual.server: Friendly labels for german_credit: {'checking_status': 'Checking Account Status', 'duration': 'Loan Duration', 'credit_history': 'Credit History', 'purpose': 'Loan Purpose', 'credit_amount': 'Credit Amount', 'savings_status': 'Savings Status', 'employment': 'Employment Length', 'installment_commitment': 'Installment Rate', 'personal_status': 'Personal Status', 'other_parties': 'Other Parties', 'residence_since': 'Residence Since', 'property_magnitude': 'Property', 'age': 'Age', 'other_payment_plans': 'Other Payment Plans', 'housing': 'Housing', 'existing_credits': 'Existing Credits', 'job': 'Job', 'num_dependents': 'Dependents', 'own_telephone': 'Own Telephone', 'foreign_worker': 'Foreign Worker'}
[2026-04-15 13:09:43,420] INFO counterfactual.server: Dataset preflight ok: dataset=german_credit feature_count=19 available_instances=150 prediction_labels=['Good Credit Risk', 'Bad Credit Risk']
[2026-04-15 13:09:43,420] INFO counterfactual.server: Binding Flask server to http://127.0.0.1:5000 with debug=False
[2026-04-15 13:09:43,434] INFO werkzeug: [31m[1mWARNING: This is a development server. Do not use it in a production deployment. Use a production WSGI server instead.[0m
 * Running on http://127.0.0.1:5000
[2026-04-15 13:09:43,434] INFO werkzeug: [33mPress CTRL+C to quit[0m
forrtl: error (200): program aborting due to control-C event
Image              PC                Routine            Line        Source             
libifcoremd.dll    00007FFC8132DF54  Unknown               Unknown  Unknown
KERNELBASE.dll     00007FFD1717A3CD  Unknown               Unknown  Unknown
KERNEL32.DLL       00007FFD1918E8D7  Unknown               Unknown  Unknown
ntdll.dll          00007FFD19D0C3FC  Unknown               Unknown  Unknown
